2017-10-12 14:03:31 INFO  main:31 - log4j initialized
2017-10-12 14:03:43 INFO  main:31 - log4j initialized
2017-10-12 14:04:30 INFO  main:31 - log4j initialized
2017-10-12 14:05:29 INFO  main:31 - log4j initialized
2017-10-12 14:53:14 INFO  main:31 - log4j initialized
2017-10-12 14:53:58 INFO  main:31 - log4j initialized
2017-10-12 15:54:05 INFO  main:33 - log4j initialized
2017-10-12 15:54:05 INFO  main:38 - Begin analysing jobs
2017-10-12 15:55:40 INFO  main:33 - log4j initialized
2017-10-12 15:55:40 INFO  main:38 - Begin analysing jobs
2017-10-12 15:55:44 INFO  main:43 - Last run date cannot be less than Thu Dec 01 00:00:00 CST 2005
2017-10-12 15:58:04 INFO  main:39 - log4j initialized
2017-10-12 15:58:04 INFO  main:44 - Begin analysing jobs
2017-10-12 15:58:04 INFO  main:49 - Last run date cannot be less than Thu Dec 01 00:00:00 CST 2005
2017-10-12 15:58:04 INFO  main:67 - Database type is Sybase
2017-10-12 15:58:04 INFO  connect2Sybase:75 - Connection String: jdbc:jtds:sybase://RHEL-SYB1:5000
2017-10-12 15:58:04 INFO  main:104 - Sybase Database connection established
2017-10-12 16:06:18 INFO  main:40 - log4j initialized
2017-10-12 16:06:18 INFO  main:45 - Begin analysing jobs
2017-10-12 16:06:18 INFO  main:50 - Last run date cannot be less than Thu Dec 01 00:00:00 CST 2005
2017-10-12 16:06:18 INFO  main:68 - Database type is Sybase
2017-10-12 16:06:18 INFO  connect2Sybase:121 - Connection String: jdbc:jtds:sybase://RHEL-SYB1:5000
2017-10-12 16:06:19 INFO  main:105 - Sybase Database connection established
2017-10-12 16:06:19 DEBUG getJobList:49 - select job_name,joid from autosys.dbo.job where job_name like '*'
2017-10-12 16:11:38 INFO  main:40 - log4j initialized
2017-10-12 16:11:38 INFO  main:45 - Begin analysing jobs
2017-10-12 16:11:38 INFO  main:50 - Last run date cannot be less than Thu Dec 01 00:00:00 CST 2005
2017-10-12 16:11:38 INFO  main:68 - Database type is Sybase
2017-10-12 16:11:38 INFO  connect2Sybase:121 - Connection String: jdbc:jtds:sybase://RHEL-SYB1:5000
2017-10-12 16:11:39 INFO  main:105 - Sybase Database connection established
2017-10-12 16:11:39 DEBUG getJobList:49 - select job_name,joid from autosys.dbo.job where job_name like '%'
2017-10-12 16:35:20 INFO  main:40 - log4j initialized
2017-10-12 16:35:20 INFO  main:45 - Begin analysing jobs
2017-10-12 16:35:21 INFO  main:50 - Last run date cannot be less than Thu Dec 01 00:00:00 CST 2005
2017-10-12 16:35:21 INFO  main:68 - Database type is Sybase
2017-10-12 16:35:21 INFO  connect2Sybase:186 - Connection String: jdbc:jtds:sybase://RHEL-SYB1:5000
2017-10-12 16:35:21 INFO  main:105 - Sybase Database connection established
2017-10-12 16:35:21 DEBUG getJobList:114 - select job_name,joid from autosys.dbo.job where job_name like '%'
2017-10-12 16:35:36 DEBUG getLastRunForJob:42 - select last_start, last_end from autosys.dbo.job_status where joid=100
2017-10-12 16:37:39 INFO  main:40 - log4j initialized
2017-10-12 16:37:39 INFO  main:45 - Begin analysing jobs
2017-10-12 16:37:39 INFO  main:50 - Last run date cannot be less than Thu Dec 01 00:00:00 CST 2005
2017-10-12 16:37:39 INFO  main:68 - Database type is Sybase
2017-10-12 16:37:39 INFO  connect2Sybase:186 - Connection String: jdbc:jtds:sybase://RHEL-SYB1:5000
2017-10-12 16:37:40 INFO  main:105 - Sybase Database connection established
2017-10-12 16:37:40 DEBUG getJobList:114 - select job_name,joid from autosys.dbo.job where job_name like '%'
2017-10-12 16:37:43 DEBUG getLastRunForJob:42 - select last_start, last_end from autosys.dbo.job_status where joid=100
2017-10-12 16:38:02 INFO  main:40 - log4j initialized
2017-10-12 16:38:02 INFO  main:45 - Begin analysing jobs
2017-10-12 16:38:03 INFO  main:50 - Last run date cannot be less than Thu Dec 01 00:00:00 CST 2005
2017-10-12 16:38:03 INFO  main:68 - Database type is Sybase
2017-10-12 16:38:03 INFO  connect2Sybase:186 - Connection String: jdbc:jtds:sybase://RHEL-SYB1:5000
2017-10-12 16:38:03 INFO  main:105 - Sybase Database connection established
2017-10-12 16:38:03 DEBUG getJobList:114 - select job_name,joid from autosys.dbo.job where job_name like '%'
2017-10-12 16:38:06 DEBUG getLastRunForJob:42 - select last_start, last_end from autosys.dbo.job_status where joid=100
2017-10-12 16:38:06 DEBUG main:127 - 
2017-10-12 16:38:59 INFO  main:40 - log4j initialized
2017-10-12 16:38:59 INFO  main:45 - Begin analysing jobs
2017-10-12 16:39:00 INFO  main:50 - Last run date cannot be less than Thu Dec 01 00:00:00 CST 2005
2017-10-12 16:39:00 INFO  main:68 - Database type is Sybase
2017-10-12 16:39:00 INFO  connect2Sybase:186 - Connection String: jdbc:jtds:sybase://RHEL-SYB1:5000
2017-10-12 16:39:00 INFO  main:105 - Sybase Database connection established
2017-10-12 16:39:00 DEBUG getJobList:114 - select job_name,joid from autosys.dbo.job where job_name like '%'
2017-10-12 16:39:03 DEBUG main:126 - 100
2017-10-12 16:39:36 DEBUG getLastRunForJob:42 - select last_start, last_end from autosys.dbo.job_status where joid=100
2017-10-12 16:39:47 DEBUG main:128 - 1488767963
2017-10-12 16:40:26 INFO  main:40 - log4j initialized
2017-10-12 16:40:26 INFO  main:45 - Begin analysing jobs
2017-10-12 16:40:26 INFO  main:50 - Last run date cannot be less than Thu Dec 01 00:00:00 CST 2005
2017-10-12 16:40:26 INFO  main:68 - Database type is Sybase
2017-10-12 16:40:26 INFO  connect2Sybase:186 - Connection String: jdbc:jtds:sybase://RHEL-SYB1:5000
2017-10-12 16:40:26 INFO  main:105 - Sybase Database connection established
2017-10-12 16:40:26 DEBUG getJobList:114 - select job_name,joid from autosys.dbo.job where job_name like '%'
2017-10-12 16:40:33 DEBUG main:126 - 100
2017-10-12 16:40:37 DEBUG getLastRunForJob:42 - select last_start, last_end from autosys.dbo.job_status where joid=100
2017-10-12 16:40:39 DEBUG main:128 - 1488767963
2017-10-12 16:40:42 DEBUG main:130 - Sat Jan 17 00:00:00 CST 1970
2017-10-12 16:49:31 INFO  main:40 - log4j initialized
2017-10-12 16:49:31 INFO  main:45 - Begin analysing jobs
2017-10-12 16:49:31 INFO  main:50 - Last run date cannot be less than Thu Dec 01 00:00:00 CST 2005
2017-10-12 16:49:31 INFO  main:68 - Database type is Sybase
2017-10-12 16:49:31 INFO  connect2Sybase:186 - Connection String: jdbc:jtds:sybase://RHEL-SYB1:5000
2017-10-12 16:49:32 INFO  main:105 - Sybase Database connection established
2017-10-12 16:49:32 DEBUG getJobList:114 - select job_name,joid from autosys.dbo.job where job_name like '%'
2017-10-12 16:49:35 DEBUG main:126 - 100
2017-10-12 16:49:35 DEBUG getLastRunForJob:42 - select last_start, last_end from autosys.dbo.job_status where joid=100
2017-10-12 16:49:35 DEBUG main:128 - 1488767963
2017-10-12 16:49:36 DEBUG main:130 - Sat Jan 17 00:00:00 CST 1970
2017-10-12 16:51:17 INFO  main:40 - log4j initialized
2017-10-12 16:51:17 INFO  main:45 - Begin analysing jobs
2017-10-12 16:53:18 INFO  main:40 - log4j initialized
2017-10-12 16:53:18 INFO  main:45 - Begin analysing jobs
2017-10-12 16:53:37 INFO  main:40 - log4j initialized
2017-10-12 16:53:37 INFO  main:45 - Begin analysing jobs
2017-10-12 16:54:25 INFO  main:40 - log4j initialized
2017-10-12 16:54:25 INFO  main:45 - Begin analysing jobs
2017-10-12 16:54:31 INFO  main:51 - Last run date cannot be less than Wed Dec 01 00:00:00 CST 2004
2017-10-12 16:54:36 INFO  main:69 - Database type is Sybase
2017-10-12 16:54:36 INFO  connect2Sybase:186 - Connection String: jdbc:jtds:sybase://RHEL-SYB1:5000
2017-10-12 16:54:36 INFO  main:106 - Sybase Database connection established
2017-10-12 16:54:36 DEBUG getJobList:114 - select job_name,joid from autosys.dbo.job where job_name like '%'
2017-10-12 16:54:40 DEBUG main:127 - 100
2017-10-12 16:54:40 DEBUG getLastRunForJob:42 - select last_start, last_end from autosys.dbo.job_status where joid=100
2017-10-12 16:54:47 DEBUG main:129 - 1488767963
2017-10-12 16:55:17 DEBUG main:131 - Sat Jan 17 23:00:47 CST 1970
2017-10-12 16:55:20 INFO  main:134 - Job: job1 joid: 100 has a last start date of :Sat Jan 17 23:00:47 CST 1970
