2017-09-26 13:54:06 INFO  connect2Oracle:35 - Connection String: jdbc:oracle:thin:@//lumos:1521/SP3
2017-09-26 13:54:07 INFO  main:26 - Database connection established
2017-09-26 14:17:29 INFO  connect2Oracle:35 - Connection String: jdbc:oracle:thin:@//LUMOS:1521/SP3
2017-09-26 14:17:30 INFO  main:46 - Oracle Database connection established
2017-09-26 14:19:08 INFO  root:48 - Connection String: jdbc:jtds:sqlserver://AWAE-SQ1136SP-1:1433/AEDBDEV
2017-09-26 14:19:08 INFO  main:72 - SQL Server Database connection established
2017-09-26 14:20:08 INFO  root:61 - Connection String: jdbc:jtds:sybase://RHEL-SYB_4:5000
2017-09-26 14:20:09 INFO  main:98 - Sybase Database connection established
2017-09-26 14:20:49 INFO  root:61 - Connection String: jdbc:jtds:sybase://RHEL-SYB_4:5000
2017-09-26 14:20:49 INFO  main:100 - Sybase Database connection established
2017-09-26 14:20:49 INFO  main:113 - Sybase Database connection closed
2017-09-26 15:23:37 INFO  connect2Sybase:96 - Connection String: jdbc:jtds:sybase://RHEL-SYB_4:5000
2017-09-26 15:23:37 INFO  main:108 - Sybase Database connection established
2017-09-26 15:23:37 INFO  main:121 - Sybase Database connection closed
2017-09-26 16:38:32 DEBUG readJobRunsArchive:80 - 10
2017-09-26 16:39:05 DEBUG readJobRunsArchive:80 - 10
2017-09-26 16:39:06 DEBUG readJobRunsArchive:80 - 10
2017-09-26 16:39:07 DEBUG readJobRunsArchive:80 - 10
2017-09-26 16:39:10 DEBUG readJobRunsArchive:80 - 10
2017-09-26 16:39:13 DEBUG readJobRunsArchive:80 - 9
2017-09-26 16:39:15 DEBUG readJobRunsArchive:80 - 9
2017-09-26 16:39:22 DEBUG readJobRunsArchive:80 - 9
2017-09-26 16:39:29 DEBUG readJobRunsArchive:80 - 9
2017-09-26 16:39:29 DEBUG readJobRunsArchive:80 - 9
2017-09-26 16:39:29 DEBUG readJobRunsArchive:80 - 9
2017-09-26 16:39:29 DEBUG readJobRunsArchive:80 - 9
2017-09-26 16:39:29 DEBUG readJobRunsArchive:80 - 9
2017-09-26 16:39:29 DEBUG readJobRunsArchive:80 - 9
2017-09-26 16:39:29 DEBUG readJobRunsArchive:80 - 9
2017-09-26 16:39:29 DEBUG readJobRunsArchive:80 - 9
2017-09-26 16:39:29 DEBUG readJobRunsArchive:80 - 9
2017-09-26 16:39:29 DEBUG readJobRunsArchive:80 - 9
2017-09-26 16:39:29 DEBUG readJobRunsArchive:80 - 9
2017-09-26 16:39:29 DEBUG readJobRunsArchive:80 - 9
2017-09-26 16:39:29 DEBUG readJobRunsArchive:80 - 9
2017-09-26 16:39:29 DEBUG readJobRunsArchive:80 - 9
2017-09-26 16:39:29 DEBUG readJobRunsArchive:80 - 9
2017-09-26 16:39:29 DEBUG readJobRunsArchive:80 - 9
2017-09-26 16:39:29 DEBUG readJobRunsArchive:80 - 9
2017-09-26 16:39:29 DEBUG readJobRunsArchive:80 - 9
2017-09-26 16:39:29 DEBUG readJobRunsArchive:80 - 9
2017-09-26 16:39:29 DEBUG readJobRunsArchive:80 - 9
2017-09-26 16:39:29 DEBUG readJobRunsArchive:80 - 9
2017-09-26 16:39:29 DEBUG readJobRunsArchive:80 - 9
2017-09-26 16:39:29 DEBUG readJobRunsArchive:80 - 9
2017-09-26 16:39:29 DEBUG readJobRunsArchive:80 - 9
2017-09-26 16:39:29 DEBUG readJobRunsArchive:80 - 9
2017-09-26 16:39:29 DEBUG readJobRunsArchive:80 - 9
2017-09-26 16:39:29 DEBUG readJobRunsArchive:80 - 9
2017-09-26 16:39:29 DEBUG readJobRunsArchive:80 - 9
2017-09-26 16:39:29 DEBUG readJobRunsArchive:80 - 9
2017-09-26 16:39:29 DEBUG readJobRunsArchive:80 - 9
2017-09-26 16:39:29 DEBUG readJobRunsArchive:80 - 9
2017-09-26 16:39:29 DEBUG readJobRunsArchive:80 - 9
2017-09-26 16:39:29 DEBUG readJobRunsArchive:80 - 9
2017-09-26 16:39:29 DEBUG readJobRunsArchive:80 - 9
2017-09-26 16:39:29 DEBUG readJobRunsArchive:80 - 9
2017-09-26 16:39:29 DEBUG readJobRunsArchive:80 - 9
2017-09-26 16:39:29 DEBUG readJobRunsArchive:80 - 9
2017-09-26 16:39:29 DEBUG readJobRunsArchive:80 - 9
2017-09-26 16:39:29 DEBUG readJobRunsArchive:80 - 9
2017-09-26 16:39:29 DEBUG readJobRunsArchive:80 - 9
2017-09-26 16:39:29 DEBUG readJobRunsArchive:80 - 9
2017-09-26 16:39:29 DEBUG readJobRunsArchive:80 - 9
2017-09-26 16:39:29 DEBUG readJobRunsArchive:80 - 9
2017-09-26 16:39:29 DEBUG readJobRunsArchive:80 - 9
2017-09-26 16:39:29 DEBUG readJobRunsArchive:80 - 9
2017-09-26 16:39:29 DEBUG readJobRunsArchive:80 - 9
2017-09-26 16:39:29 DEBUG readJobRunsArchive:80 - 9
2017-09-26 16:39:29 DEBUG readJobRunsArchive:80 - 9
2017-09-26 16:39:29 DEBUG readJobRunsArchive:80 - 9
2017-09-26 16:39:29 DEBUG readJobRunsArchive:80 - 9
2017-09-26 16:39:29 DEBUG readJobRunsArchive:80 - 9
2017-09-26 16:39:29 DEBUG readJobRunsArchive:80 - 9
2017-09-26 16:39:29 DEBUG readJobRunsArchive:80 - 9
2017-09-26 16:39:29 DEBUG readJobRunsArchive:80 - 9
2017-09-26 16:39:29 DEBUG readJobRunsArchive:80 - 9
2017-09-26 16:39:29 DEBUG readJobRunsArchive:80 - 9
2017-09-26 16:39:29 DEBUG readJobRunsArchive:80 - 9
2017-09-26 16:39:29 DEBUG readJobRunsArchive:80 - 9
2017-09-26 16:39:29 DEBUG readJobRunsArchive:80 - 9
2017-09-26 16:39:29 DEBUG readJobRunsArchive:80 - 9
2017-09-26 16:39:29 DEBUG readJobRunsArchive:80 - 9
2017-09-26 16:39:29 DEBUG readJobRunsArchive:80 - 9
2017-09-26 16:39:29 DEBUG readJobRunsArchive:80 - 9
2017-09-26 16:39:29 DEBUG readJobRunsArchive:80 - 9
2017-09-26 16:39:29 DEBUG readJobRunsArchive:80 - 9
2017-09-26 16:39:29 DEBUG readJobRunsArchive:80 - 9
2017-09-26 16:39:29 DEBUG readJobRunsArchive:80 - 9
2017-09-26 16:39:29 DEBUG readJobRunsArchive:80 - 9
2017-09-26 16:39:29 DEBUG readJobRunsArchive:80 - 9
2017-09-26 16:39:29 DEBUG readJobRunsArchive:80 - 9
2017-09-26 16:39:29 DEBUG readJobRunsArchive:80 - 9
2017-09-26 16:39:29 DEBUG readJobRunsArchive:80 - 9
2017-09-26 16:39:29 DEBUG readJobRunsArchive:80 - 9
2017-09-26 16:39:29 DEBUG readJobRunsArchive:80 - 9
2017-09-26 16:39:29 DEBUG readJobRunsArchive:80 - 9
2017-09-26 16:39:29 DEBUG readJobRunsArchive:80 - 9
2017-09-26 16:39:29 DEBUG readJobRunsArchive:80 - 9
2017-09-26 16:39:29 DEBUG readJobRunsArchive:80 - 9
2017-09-26 16:39:29 DEBUG readJobRunsArchive:80 - 9
2017-09-26 16:39:29 DEBUG readJobRunsArchive:80 - 9
2017-09-26 16:39:29 DEBUG readJobRunsArchive:80 - 9
2017-09-26 16:39:29 DEBUG readJobRunsArchive:80 - 9
2017-09-26 16:39:29 DEBUG readJobRunsArchive:80 - 9
2017-09-26 16:39:29 DEBUG readJobRunsArchive:80 - 9
2017-09-26 16:39:29 DEBUG readJobRunsArchive:80 - 9
2017-09-26 16:39:29 DEBUG readJobRunsArchive:80 - 9
2017-09-26 16:39:29 DEBUG readJobRunsArchive:80 - 9
2017-09-26 16:39:29 DEBUG readJobRunsArchive:80 - 9
2017-09-26 16:39:29 DEBUG readJobRunsArchive:80 - 9
2017-09-26 16:39:29 DEBUG readJobRunsArchive:80 - 9
2017-09-26 16:39:29 DEBUG readJobRunsArchive:80 - 9
2017-09-26 16:39:29 DEBUG readJobRunsArchive:80 - 9
2017-09-26 16:39:29 DEBUG readJobRunsArchive:80 - 9
2017-09-26 16:39:29 DEBUG readJobRunsArchive:80 - 9
2017-09-26 16:39:29 DEBUG readJobRunsArchive:80 - 9
2017-09-26 16:39:29 DEBUG readJobRunsArchive:80 - 9
2017-09-26 16:39:29 DEBUG readJobRunsArchive:80 - 9
2017-09-26 16:39:29 DEBUG readJobRunsArchive:80 - 9
2017-09-26 16:39:29 DEBUG readJobRunsArchive:80 - 9
2017-09-26 16:39:29 DEBUG readJobRunsArchive:80 - 9
2017-09-26 16:39:29 DEBUG readJobRunsArchive:80 - 9
2017-09-26 16:39:29 DEBUG readJobRunsArchive:80 - 9
2017-09-26 16:39:29 DEBUG readJobRunsArchive:80 - 9
2017-09-26 16:39:29 DEBUG readJobRunsArchive:80 - 9
2017-09-26 16:39:29 DEBUG readJobRunsArchive:80 - 9
2017-09-26 16:39:29 DEBUG readJobRunsArchive:80 - 9
2017-09-26 16:39:29 DEBUG readJobRunsArchive:80 - 9
2017-09-26 16:39:29 DEBUG readJobRunsArchive:80 - 9
2017-09-26 16:39:29 DEBUG readJobRunsArchive:80 - 9
2017-09-26 16:39:29 DEBUG readJobRunsArchive:80 - 9
2017-09-26 16:39:29 DEBUG readJobRunsArchive:80 - 9
2017-09-26 16:39:29 DEBUG readJobRunsArchive:80 - 9
2017-09-26 16:39:29 DEBUG readJobRunsArchive:80 - 9
2017-09-26 16:39:29 DEBUG readJobRunsArchive:80 - 9
2017-09-26 16:39:29 DEBUG readJobRunsArchive:80 - 9
2017-09-26 16:39:29 DEBUG readJobRunsArchive:80 - 9
2017-09-26 16:39:29 DEBUG readJobRunsArchive:80 - 9
2017-09-26 16:39:29 DEBUG readJobRunsArchive:80 - 9
2017-09-26 16:39:29 DEBUG readJobRunsArchive:80 - 9
2017-09-26 16:39:29 DEBUG readJobRunsArchive:80 - 9
2017-09-26 16:39:29 DEBUG readJobRunsArchive:80 - 9
2017-09-26 16:39:29 DEBUG readJobRunsArchive:80 - 9
2017-09-26 16:39:29 DEBUG readJobRunsArchive:80 - 9
2017-09-26 16:39:29 DEBUG readJobRunsArchive:80 - 9
2017-09-26 16:39:29 DEBUG readJobRunsArchive:80 - 9
2017-09-26 16:39:29 DEBUG readJobRunsArchive:80 - 9
2017-09-26 16:39:29 DEBUG readJobRunsArchive:80 - 9
2017-09-26 16:39:29 DEBUG readJobRunsArchive:80 - 9
2017-09-26 16:39:29 DEBUG readJobRunsArchive:80 - 9
2017-09-26 16:39:29 DEBUG readJobRunsArchive:80 - 9
2017-09-26 16:39:29 DEBUG readJobRunsArchive:80 - 9
2017-09-26 16:39:29 DEBUG readJobRunsArchive:80 - 9
2017-09-26 16:39:29 DEBUG readJobRunsArchive:80 - 9
2017-09-26 16:39:29 DEBUG readJobRunsArchive:80 - 9
2017-09-26 16:39:29 DEBUG readJobRunsArchive:80 - 9
2017-09-26 16:39:29 DEBUG readJobRunsArchive:80 - 9
2017-09-26 16:39:29 DEBUG readJobRunsArchive:80 - 9
2017-09-26 16:39:29 DEBUG readJobRunsArchive:80 - 9
2017-09-26 16:39:29 DEBUG readJobRunsArchive:80 - 9
2017-09-26 16:39:29 DEBUG readJobRunsArchive:80 - 9
2017-09-26 16:39:29 DEBUG readJobRunsArchive:80 - 9
2017-09-26 16:39:29 DEBUG readJobRunsArchive:80 - 9
2017-09-26 16:39:29 DEBUG readJobRunsArchive:80 - 9
2017-09-26 16:39:29 DEBUG readJobRunsArchive:80 - 9
2017-09-26 16:39:29 DEBUG readJobRunsArchive:80 - 9
2017-09-26 16:39:29 DEBUG readJobRunsArchive:80 - 9
2017-09-26 16:39:29 DEBUG readJobRunsArchive:80 - 9
2017-09-26 16:39:29 DEBUG readJobRunsArchive:80 - 9
2017-09-26 16:39:29 DEBUG readJobRunsArchive:80 - 9
2017-09-26 16:39:29 DEBUG readJobRunsArchive:80 - 9
2017-09-26 16:39:29 DEBUG readJobRunsArchive:80 - 9
2017-09-26 16:39:29 DEBUG readJobRunsArchive:80 - 9
2017-09-26 16:39:29 DEBUG readJobRunsArchive:80 - 9
2017-09-26 16:39:29 DEBUG readJobRunsArchive:80 - 9
2017-09-26 16:39:29 DEBUG readJobRunsArchive:80 - 9
2017-09-26 16:39:29 DEBUG readJobRunsArchive:80 - 9
2017-09-26 16:39:29 DEBUG readJobRunsArchive:80 - 9
2017-09-26 16:39:29 DEBUG readJobRunsArchive:80 - 9
2017-09-26 16:39:29 DEBUG readJobRunsArchive:80 - 9
2017-09-26 16:39:29 DEBUG readJobRunsArchive:80 - 9
2017-09-26 16:39:29 DEBUG readJobRunsArchive:80 - 9
2017-09-26 16:39:29 DEBUG readJobRunsArchive:80 - 9
2017-09-26 16:39:29 DEBUG readJobRunsArchive:80 - 9
2017-09-26 16:39:29 DEBUG readJobRunsArchive:80 - 9
2017-09-26 16:39:29 DEBUG readJobRunsArchive:80 - 9
2017-09-26 16:39:29 DEBUG readJobRunsArchive:80 - 9
2017-09-26 16:39:29 DEBUG readJobRunsArchive:80 - 9
2017-09-26 16:39:29 DEBUG readJobRunsArchive:80 - 9
2017-09-26 16:39:29 DEBUG readJobRunsArchive:80 - 9
2017-09-26 16:39:29 DEBUG readJobRunsArchive:80 - 9
2017-09-26 16:39:29 DEBUG readJobRunsArchive:80 - 9
2017-09-26 16:39:29 DEBUG readJobRunsArchive:80 - 9
2017-09-26 16:39:29 DEBUG readJobRunsArchive:80 - 9
2017-09-26 16:39:29 DEBUG readJobRunsArchive:80 - 9
2017-09-26 16:39:29 DEBUG readJobRunsArchive:80 - 9
2017-09-26 16:39:29 DEBUG readJobRunsArchive:80 - 9
2017-09-26 16:39:29 DEBUG readJobRunsArchive:80 - 9
2017-09-26 16:39:29 DEBUG readJobRunsArchive:80 - 9
2017-09-26 16:39:29 DEBUG readJobRunsArchive:80 - 9
2017-09-26 16:39:29 DEBUG readJobRunsArchive:80 - 9
2017-09-26 16:39:29 DEBUG readJobRunsArchive:80 - 9
2017-09-26 16:39:29 DEBUG readJobRunsArchive:80 - 9
2017-09-26 16:39:29 DEBUG readJobRunsArchive:80 - 9
2017-09-26 16:39:29 DEBUG readJobRunsArchive:80 - 9
2017-09-26 16:39:29 DEBUG readJobRunsArchive:80 - 9
2017-09-26 16:39:29 DEBUG readJobRunsArchive:80 - 9
2017-09-26 16:39:29 DEBUG readJobRunsArchive:80 - 9
2017-09-26 16:39:29 DEBUG readJobRunsArchive:80 - 9
2017-09-26 16:39:29 DEBUG readJobRunsArchive:80 - 9
2017-09-26 16:39:29 DEBUG readJobRunsArchive:80 - 9
2017-09-26 16:39:29 DEBUG readJobRunsArchive:80 - 9
2017-09-26 16:39:29 DEBUG readJobRunsArchive:80 - 9
2017-09-26 16:39:29 DEBUG readJobRunsArchive:80 - 9
2017-09-26 16:39:29 DEBUG readJobRunsArchive:80 - 9
2017-09-26 16:39:29 DEBUG readJobRunsArchive:80 - 9
2017-09-26 16:39:29 DEBUG readJobRunsArchive:80 - 9
2017-09-26 16:39:29 DEBUG readJobRunsArchive:80 - 9
2017-09-26 16:39:29 DEBUG readJobRunsArchive:80 - 9
2017-09-26 16:39:29 DEBUG readJobRunsArchive:80 - 9
2017-09-26 16:39:29 DEBUG readJobRunsArchive:80 - 9
2017-09-26 16:39:29 DEBUG readJobRunsArchive:80 - 9
2017-09-26 16:39:29 DEBUG readJobRunsArchive:80 - 9
2017-09-26 16:39:29 DEBUG readJobRunsArchive:80 - 9
2017-09-26 16:39:29 DEBUG readJobRunsArchive:80 - 9
2017-09-26 16:39:29 DEBUG readJobRunsArchive:80 - 9
2017-09-26 16:39:29 DEBUG readJobRunsArchive:80 - 9
2017-09-26 16:39:29 DEBUG readJobRunsArchive:80 - 9
2017-09-26 16:39:29 DEBUG readJobRunsArchive:80 - 9
2017-09-26 16:39:29 DEBUG readJobRunsArchive:80 - 9
2017-09-26 16:39:29 DEBUG readJobRunsArchive:80 - 9
2017-09-26 16:39:29 DEBUG readJobRunsArchive:80 - 9
2017-09-26 16:39:29 DEBUG readJobRunsArchive:80 - 9
2017-09-26 16:39:29 DEBUG readJobRunsArchive:80 - 9
2017-09-26 16:39:29 DEBUG readJobRunsArchive:80 - 9
2017-09-26 16:39:29 DEBUG readJobRunsArchive:80 - 9
2017-09-26 16:39:29 DEBUG readJobRunsArchive:80 - 9
2017-09-26 16:39:29 DEBUG readJobRunsArchive:80 - 9
2017-09-26 16:39:29 DEBUG readJobRunsArchive:80 - 9
2017-09-26 16:39:29 DEBUG readJobRunsArchive:80 - 9
2017-09-26 16:39:29 DEBUG readJobRunsArchive:80 - 9
2017-09-26 16:39:29 DEBUG readJobRunsArchive:80 - 9
2017-09-26 16:39:29 DEBUG readJobRunsArchive:80 - 9
2017-09-26 16:39:29 DEBUG readJobRunsArchive:80 - 9
2017-09-26 16:39:29 DEBUG readJobRunsArchive:80 - 9
2017-09-26 16:39:29 DEBUG readJobRunsArchive:80 - 9
2017-09-26 16:39:29 DEBUG readJobRunsArchive:80 - 9
2017-09-26 16:39:29 DEBUG readJobRunsArchive:80 - 9
2017-09-26 16:39:29 DEBUG readJobRunsArchive:80 - 9
2017-09-26 16:39:29 DEBUG readJobRunsArchive:80 - 9
2017-09-26 16:39:29 DEBUG readJobRunsArchive:80 - 9
2017-09-26 16:39:29 DEBUG readJobRunsArchive:80 - 9
2017-09-26 16:39:29 DEBUG readJobRunsArchive:80 - 9
2017-09-26 16:39:29 DEBUG readJobRunsArchive:80 - 9
2017-09-26 16:39:29 DEBUG readJobRunsArchive:80 - 9
2017-09-26 16:39:29 DEBUG readJobRunsArchive:80 - 9
2017-09-26 16:39:29 DEBUG readJobRunsArchive:80 - 9
2017-09-26 16:39:29 DEBUG readJobRunsArchive:80 - 9
2017-09-26 16:39:29 DEBUG readJobRunsArchive:80 - 9
2017-09-26 16:39:29 DEBUG readJobRunsArchive:80 - 9
2017-09-26 16:39:29 DEBUG readJobRunsArchive:80 - 9
2017-09-26 16:39:29 DEBUG readJobRunsArchive:80 - 9
2017-09-26 16:39:29 DEBUG readJobRunsArchive:80 - 9
2017-09-26 16:39:29 DEBUG readJobRunsArchive:80 - 9
2017-09-26 16:39:29 DEBUG readJobRunsArchive:80 - 9
2017-09-26 16:39:29 DEBUG readJobRunsArchive:80 - 9
2017-09-26 16:39:29 DEBUG readJobRunsArchive:80 - 9
2017-09-26 16:39:29 DEBUG readJobRunsArchive:80 - 9
2017-09-26 16:39:29 DEBUG readJobRunsArchive:80 - 9
2017-09-26 16:39:29 DEBUG readJobRunsArchive:80 - 9
2017-09-26 16:39:29 DEBUG readJobRunsArchive:80 - 9
2017-09-26 16:39:29 DEBUG readJobRunsArchive:80 - 9
2017-09-26 16:39:29 DEBUG readJobRunsArchive:80 - 9
2017-09-26 16:39:29 DEBUG readJobRunsArchive:80 - 9
2017-09-26 16:39:29 DEBUG readJobRunsArchive:80 - 9
2017-09-26 16:39:29 DEBUG readJobRunsArchive:80 - 9
2017-09-26 16:39:29 DEBUG readJobRunsArchive:80 - 9
2017-09-26 16:39:29 DEBUG readJobRunsArchive:80 - 9
2017-09-26 16:39:29 DEBUG readJobRunsArchive:80 - 9
2017-09-26 16:39:29 DEBUG readJobRunsArchive:80 - 9
2017-09-26 16:39:29 DEBUG readJobRunsArchive:80 - 9
2017-09-26 16:39:29 DEBUG readJobRunsArchive:80 - 9
2017-09-26 16:39:29 DEBUG readJobRunsArchive:80 - 9
2017-09-26 16:39:29 DEBUG readJobRunsArchive:80 - 9
2017-09-26 16:39:29 DEBUG readJobRunsArchive:80 - 9
2017-09-26 16:39:29 DEBUG readJobRunsArchive:80 - 9
2017-09-26 16:39:29 DEBUG readJobRunsArchive:80 - 9
2017-09-26 16:39:29 DEBUG readJobRunsArchive:80 - 9
2017-09-26 16:39:29 DEBUG readJobRunsArchive:80 - 9
2017-09-26 16:39:29 DEBUG readJobRunsArchive:80 - 9
2017-09-26 16:39:29 DEBUG readJobRunsArchive:80 - 9
2017-09-26 16:39:29 DEBUG readJobRunsArchive:80 - 9
2017-09-26 16:39:29 DEBUG readJobRunsArchive:80 - 9
2017-09-26 16:39:29 DEBUG readJobRunsArchive:80 - 9
2017-09-26 16:39:29 DEBUG readJobRunsArchive:80 - 9
2017-09-26 16:39:29 DEBUG readJobRunsArchive:80 - 9
2017-09-26 16:39:29 DEBUG readJobRunsArchive:80 - 9
2017-09-26 16:39:29 DEBUG readJobRunsArchive:80 - 9
2017-09-26 16:39:29 DEBUG readJobRunsArchive:80 - 9
2017-09-26 16:39:29 DEBUG readJobRunsArchive:80 - 9
2017-09-26 16:39:29 DEBUG readJobRunsArchive:80 - 9
2017-09-26 16:39:29 DEBUG readJobRunsArchive:80 - 9
2017-09-26 16:39:29 DEBUG readJobRunsArchive:80 - 9
2017-09-26 16:39:29 DEBUG readJobRunsArchive:80 - 9
2017-09-26 16:39:29 DEBUG readJobRunsArchive:80 - 9
2017-09-26 16:39:29 DEBUG readJobRunsArchive:80 - 9
2017-09-26 16:39:29 DEBUG readJobRunsArchive:80 - 9
2017-09-26 16:39:29 DEBUG readJobRunsArchive:80 - 9
2017-09-26 16:39:29 DEBUG readJobRunsArchive:80 - 9
2017-09-26 16:39:29 DEBUG readJobRunsArchive:80 - 9
2017-09-26 16:39:29 DEBUG readJobRunsArchive:80 - 9
2017-09-26 16:39:29 DEBUG readJobRunsArchive:80 - 9
2017-09-26 16:39:29 DEBUG readJobRunsArchive:80 - 9
2017-09-26 16:39:29 DEBUG readJobRunsArchive:80 - 9
2017-09-26 16:39:29 DEBUG readJobRunsArchive:80 - 9
2017-09-26 16:39:29 DEBUG readJobRunsArchive:80 - 9
2017-09-26 16:39:29 DEBUG readJobRunsArchive:80 - 9
2017-09-26 16:39:29 DEBUG readJobRunsArchive:80 - 9
2017-09-26 16:39:29 DEBUG readJobRunsArchive:80 - 9
2017-09-26 16:39:29 DEBUG readJobRunsArchive:80 - 9
2017-09-26 16:39:29 DEBUG readJobRunsArchive:80 - 9
2017-09-26 16:39:29 DEBUG readJobRunsArchive:80 - 9
2017-09-26 16:39:29 DEBUG readJobRunsArchive:80 - 9
2017-09-26 16:39:29 DEBUG readJobRunsArchive:80 - 9
2017-09-26 16:39:29 DEBUG readJobRunsArchive:80 - 9
2017-09-26 16:39:29 DEBUG readJobRunsArchive:80 - 9
2017-09-26 16:39:29 DEBUG readJobRunsArchive:80 - 9
2017-09-26 16:39:29 DEBUG readJobRunsArchive:80 - 9
2017-09-26 16:39:29 DEBUG readJobRunsArchive:80 - 9
2017-09-26 16:39:29 DEBUG readJobRunsArchive:80 - 9
2017-09-26 16:39:29 DEBUG readJobRunsArchive:80 - 9
2017-09-26 16:39:29 DEBUG readJobRunsArchive:80 - 9
2017-09-26 16:39:29 DEBUG readJobRunsArchive:80 - 9
2017-09-26 16:39:29 DEBUG readJobRunsArchive:80 - 9
2017-09-26 16:39:29 DEBUG readJobRunsArchive:80 - 9
2017-09-26 16:39:29 DEBUG readJobRunsArchive:80 - 9
2017-09-26 16:39:29 DEBUG readJobRunsArchive:80 - 9
2017-09-26 16:39:29 DEBUG readJobRunsArchive:80 - 9
2017-09-26 16:39:29 DEBUG readJobRunsArchive:80 - 9
2017-09-26 16:39:29 DEBUG readJobRunsArchive:80 - 9
2017-09-26 16:39:29 DEBUG readJobRunsArchive:80 - 9
2017-09-26 16:39:29 DEBUG readJobRunsArchive:80 - 9
2017-09-26 16:39:29 DEBUG readJobRunsArchive:80 - 9
2017-09-26 16:39:29 DEBUG readJobRunsArchive:80 - 9
2017-09-26 16:39:29 DEBUG readJobRunsArchive:80 - 9
2017-09-26 16:39:29 DEBUG readJobRunsArchive:80 - 9
2017-09-26 16:39:29 DEBUG readJobRunsArchive:80 - 9
2017-09-26 16:39:29 DEBUG readJobRunsArchive:80 - 9
2017-09-26 16:39:29 DEBUG readJobRunsArchive:80 - 9
2017-09-26 16:39:29 DEBUG readJobRunsArchive:80 - 9
2017-09-26 16:39:29 DEBUG readJobRunsArchive:80 - 9
2017-09-26 16:39:29 DEBUG readJobRunsArchive:80 - 9
2017-09-26 16:39:29 DEBUG readJobRunsArchive:80 - 9
2017-09-26 16:39:29 DEBUG readJobRunsArchive:80 - 9
2017-09-26 16:39:29 DEBUG readJobRunsArchive:80 - 9
2017-09-26 16:39:29 DEBUG readJobRunsArchive:80 - 9
2017-09-26 16:39:29 DEBUG readJobRunsArchive:80 - 9
2017-09-26 16:39:29 DEBUG readJobRunsArchive:80 - 9
2017-09-26 16:39:29 DEBUG readJobRunsArchive:80 - 9
2017-09-26 16:39:29 DEBUG readJobRunsArchive:80 - 9
2017-09-26 16:39:29 DEBUG readJobRunsArchive:80 - 9
2017-09-26 16:39:29 DEBUG readJobRunsArchive:80 - 9
2017-09-26 16:39:29 DEBUG readJobRunsArchive:80 - 9
2017-09-26 16:39:29 DEBUG readJobRunsArchive:80 - 9
2017-09-26 16:39:29 DEBUG readJobRunsArchive:80 - 9
2017-09-26 16:39:29 DEBUG readJobRunsArchive:80 - 9
2017-09-26 16:39:29 DEBUG readJobRunsArchive:80 - 9
2017-09-26 16:39:29 DEBUG readJobRunsArchive:80 - 9
2017-09-26 16:39:29 DEBUG readJobRunsArchive:80 - 9
2017-09-26 16:39:29 DEBUG readJobRunsArchive:80 - 9
2017-09-26 16:39:29 DEBUG readJobRunsArchive:80 - 9
2017-09-26 16:39:29 DEBUG readJobRunsArchive:80 - 9
2017-09-26 16:39:29 DEBUG readJobRunsArchive:80 - 9
2017-09-26 16:39:29 DEBUG readJobRunsArchive:80 - 9
2017-09-26 16:39:29 DEBUG readJobRunsArchive:80 - 9
2017-09-26 16:39:29 DEBUG readJobRunsArchive:80 - 9
2017-09-26 16:39:29 DEBUG readJobRunsArchive:80 - 9
2017-09-26 16:39:29 DEBUG readJobRunsArchive:80 - 9
2017-09-26 16:39:29 DEBUG readJobRunsArchive:80 - 9
2017-09-26 16:39:29 DEBUG readJobRunsArchive:80 - 9
2017-09-26 16:39:29 DEBUG readJobRunsArchive:80 - 9
2017-09-26 16:39:29 DEBUG readJobRunsArchive:80 - 9
2017-09-26 16:39:29 DEBUG readJobRunsArchive:80 - 9
2017-09-26 16:39:29 DEBUG readJobRunsArchive:80 - 9
2017-09-26 16:39:29 DEBUG readJobRunsArchive:80 - 9
2017-09-26 16:39:29 DEBUG readJobRunsArchive:80 - 9
2017-09-26 16:39:29 DEBUG readJobRunsArchive:80 - 9
2017-09-26 16:39:29 DEBUG readJobRunsArchive:80 - 9
2017-09-26 16:39:29 DEBUG readJobRunsArchive:80 - 9
2017-09-26 16:39:29 DEBUG readJobRunsArchive:80 - 9
2017-09-26 16:39:29 DEBUG readJobRunsArchive:80 - 9
2017-09-26 16:39:29 DEBUG readJobRunsArchive:80 - 9
2017-09-26 16:39:29 DEBUG readJobRunsArchive:80 - 9
2017-09-26 16:39:29 DEBUG readJobRunsArchive:80 - 9
2017-09-26 16:39:29 DEBUG readJobRunsArchive:80 - 9
2017-09-26 16:39:29 DEBUG readJobRunsArchive:80 - 9
2017-09-26 16:39:29 DEBUG readJobRunsArchive:80 - 9
2017-09-26 16:39:29 DEBUG readJobRunsArchive:80 - 9
2017-09-26 16:39:29 DEBUG readJobRunsArchive:80 - 9
2017-09-26 16:39:29 DEBUG readJobRunsArchive:80 - 9
2017-09-26 16:39:29 DEBUG readJobRunsArchive:80 - 9
2017-09-26 16:39:29 DEBUG readJobRunsArchive:80 - 9
2017-09-26 16:39:29 DEBUG readJobRunsArchive:80 - 9
2017-09-26 16:39:29 DEBUG readJobRunsArchive:80 - 9
2017-09-26 16:39:29 DEBUG readJobRunsArchive:80 - 9
2017-09-26 16:39:29 DEBUG readJobRunsArchive:80 - 9
2017-09-26 16:39:29 DEBUG readJobRunsArchive:80 - 9
2017-09-26 16:39:29 DEBUG readJobRunsArchive:80 - 9
2017-09-26 16:39:29 DEBUG readJobRunsArchive:80 - 9
2017-09-26 16:39:29 DEBUG readJobRunsArchive:80 - 9
2017-09-26 16:39:29 DEBUG readJobRunsArchive:80 - 9
2017-09-26 16:39:29 DEBUG readJobRunsArchive:80 - 9
2017-09-26 16:39:29 DEBUG readJobRunsArchive:80 - 9
2017-09-26 16:39:29 DEBUG readJobRunsArchive:80 - 9
2017-09-26 16:39:29 DEBUG readJobRunsArchive:80 - 9
2017-09-26 16:39:29 DEBUG readJobRunsArchive:80 - 9
2017-09-26 16:39:29 DEBUG readJobRunsArchive:80 - 9
2017-09-26 16:39:29 DEBUG readJobRunsArchive:80 - 9
2017-09-26 16:39:29 DEBUG readJobRunsArchive:80 - 9
2017-09-26 16:39:29 DEBUG readJobRunsArchive:80 - 9
2017-09-26 16:39:29 DEBUG readJobRunsArchive:80 - 9
2017-09-26 16:39:29 DEBUG readJobRunsArchive:80 - 9
2017-09-26 16:39:29 DEBUG readJobRunsArchive:80 - 9
2017-09-26 16:39:29 DEBUG readJobRunsArchive:80 - 9
2017-09-26 16:39:29 DEBUG readJobRunsArchive:80 - 9
2017-09-26 16:39:29 DEBUG readJobRunsArchive:80 - 9
2017-09-26 16:39:29 DEBUG readJobRunsArchive:80 - 9
2017-09-26 16:39:29 DEBUG readJobRunsArchive:80 - 9
2017-09-26 16:39:29 DEBUG readJobRunsArchive:80 - 9
2017-09-26 16:39:29 DEBUG readJobRunsArchive:80 - 9
2017-09-26 16:39:29 DEBUG readJobRunsArchive:80 - 9
2017-09-26 16:39:29 DEBUG readJobRunsArchive:80 - 9
2017-09-26 16:39:29 DEBUG readJobRunsArchive:80 - 9
2017-09-26 16:39:29 DEBUG readJobRunsArchive:80 - 9
2017-09-26 16:39:29 DEBUG readJobRunsArchive:80 - 9
2017-09-26 16:39:29 DEBUG readJobRunsArchive:80 - 9
2017-09-26 16:39:29 DEBUG readJobRunsArchive:80 - 9
2017-09-26 16:39:29 DEBUG readJobRunsArchive:80 - 9
2017-09-26 16:39:29 DEBUG readJobRunsArchive:80 - 9
2017-09-26 16:39:29 DEBUG readJobRunsArchive:80 - 9
2017-09-26 16:39:29 DEBUG readJobRunsArchive:80 - 9
2017-09-26 16:39:29 DEBUG readJobRunsArchive:80 - 9
2017-09-26 16:39:29 DEBUG readJobRunsArchive:80 - 9
2017-09-26 16:39:29 DEBUG readJobRunsArchive:80 - 9
2017-09-26 16:39:29 DEBUG readJobRunsArchive:80 - 9
2017-09-26 16:39:29 DEBUG readJobRunsArchive:80 - 9
2017-09-26 16:39:29 DEBUG readJobRunsArchive:80 - 9
2017-09-26 16:39:29 DEBUG readJobRunsArchive:80 - 9
2017-09-26 16:39:29 DEBUG readJobRunsArchive:80 - 9
2017-09-26 16:39:29 DEBUG readJobRunsArchive:80 - 9
2017-09-26 16:39:29 DEBUG readJobRunsArchive:80 - 9
2017-09-26 16:39:29 DEBUG readJobRunsArchive:80 - 9
2017-09-26 16:39:29 DEBUG readJobRunsArchive:80 - 9
2017-09-26 16:39:29 DEBUG readJobRunsArchive:80 - 9
2017-09-26 16:39:29 DEBUG readJobRunsArchive:80 - 9
2017-09-26 16:39:29 DEBUG readJobRunsArchive:80 - 9
2017-09-26 16:39:29 DEBUG readJobRunsArchive:80 - 9
2017-09-26 16:39:29 DEBUG readJobRunsArchive:80 - 9
2017-09-26 16:39:29 DEBUG readJobRunsArchive:80 - 9
2017-09-26 16:39:29 DEBUG readJobRunsArchive:80 - 9
2017-09-26 16:39:29 DEBUG readJobRunsArchive:80 - 9
2017-09-26 16:39:29 DEBUG readJobRunsArchive:80 - 9
2017-09-26 16:39:29 DEBUG readJobRunsArchive:80 - 9
2017-09-26 16:39:29 DEBUG readJobRunsArchive:80 - 9
2017-09-26 16:39:29 DEBUG readJobRunsArchive:80 - 9
2017-09-26 16:39:29 DEBUG readJobRunsArchive:80 - 9
2017-09-26 16:39:29 DEBUG readJobRunsArchive:80 - 9
2017-09-26 16:39:29 DEBUG readJobRunsArchive:80 - 9
2017-09-26 16:39:29 DEBUG readJobRunsArchive:80 - 9
2017-09-26 16:39:29 DEBUG readJobRunsArchive:80 - 9
2017-09-26 16:39:29 DEBUG readJobRunsArchive:80 - 9
2017-09-26 16:39:29 DEBUG readJobRunsArchive:80 - 9
2017-09-26 16:39:29 DEBUG readJobRunsArchive:80 - 9
2017-09-26 16:39:29 DEBUG readJobRunsArchive:80 - 9
2017-09-26 16:39:29 DEBUG readJobRunsArchive:80 - 9
2017-09-26 16:39:29 DEBUG readJobRunsArchive:80 - 9
2017-09-26 16:39:29 DEBUG readJobRunsArchive:80 - 9
2017-09-26 16:39:29 DEBUG readJobRunsArchive:80 - 9
2017-09-26 16:39:29 DEBUG readJobRunsArchive:80 - 9
2017-09-26 16:39:29 DEBUG readJobRunsArchive:80 - 9
2017-09-26 16:39:29 DEBUG readJobRunsArchive:80 - 9
2017-09-26 16:39:29 DEBUG readJobRunsArchive:80 - 9
2017-09-26 16:39:29 DEBUG readJobRunsArchive:80 - 9
2017-09-26 16:39:29 DEBUG readJobRunsArchive:80 - 9
2017-09-26 16:39:29 DEBUG readJobRunsArchive:80 - 9
2017-09-26 16:39:29 DEBUG readJobRunsArchive:80 - 9
2017-09-26 16:39:29 DEBUG readJobRunsArchive:80 - 9
2017-09-26 16:39:29 INFO  connect2Sybase:96 - Connection String: jdbc:jtds:sybase://RHEL-SYB_4:5000
2017-09-26 16:39:29 INFO  main:108 - Sybase Database connection established
2017-09-26 16:39:29 INFO  main:121 - Sybase Database connection closed
